LOD 0 0
LIT 0 0
STO 0 0
LIT 0 0
LOD 0 0
OPR 0 2
STO 0 5
OPR 0 16
STO 0 1
OPR 0 16
STO 0 2
LIT 0 0
LIT 0 0
OPR 0 2
STO 0 3
LIT 0 0
LOD 0 3
OPR 0 2
LIT 0 0
LOD 0 1
OPR 0 2
OPR 0 13
OPR 0 1
JPC 0 63
LIT 0 0
LOD 0 1
OPR 0 2
LOD 0 3
OPR 0 2
STO 0 4
LIT 0 0
LOD 0 3
LIT 0 2
OPR 0 4
OPR 0 2
LOD 0 4
LIT 0 4
OPR 0 4
OPR 0 2
LIT 0 0
LOD 0 2
OPR 0 2
OPR 0 8
OPR 0 1
JPC 0 56
LOD 0 3
OPR 0 14
LOD 0 4
OPR 0 14
OPR 0 15
LIT 0 0
LOD 0 5
OPR 0 2
LIT 0 1
OPR 0 2
STO 0 5
LIT 0 0
LOD 0 3
OPR 0 2
LIT 0 1
OPR 0 2
STO 0 3
JMP 0 15
LIT 0 0
LOD 0 5
OPR 0 2
LIT 0 0
LIT 0 0
OPR 0 2
OPR 0 8
OPR 0 1
JPC 0 77
LOD 0 5
OPR 0 14
LOD 0 5
OPR 0 14
OPR 0 15
